-------------------------------------------------------------------------------
Test set: com.crud.crudservlet.EditServletTest
-------------------------------------------------------------------------------
Tests run: 1, Failures: 0, Errors: 1, Skipped: 0, Time elapsed: 0.002 sec <<< FAILURE!
testDoGet(com.crud.crudservlet.EditServletTest)  Time elapsed: 0 sec  <<< ERROR!
java.lang.VerifyError: Expecting a stackmap frame at branch target 170
Exception Details:
  Location:
    com/crud/crudservlet/TitleDao.update(Lcom/crud/crudservlet/Title;)I @16: ldc
  Reason:
    Expected stackmap frame at this location.
  Bytecode:
    0000000: 033c 11ff ff3d 120b 1100 27b8 0011 033e
    0000010: 120b 1100 29b8 0011 b800 453a 0412 0b11
    0000020: 002a b800 1119 0412 73b9 004b 0200 3a05
    0000030: 120b 1100 2bb8 0011 1905 042a b600 5ab9
    0000040: 0057 0300 120b 1100 2cb8 0011 1905 052a
    0000050: b600 5db9 0057 0300 120b 1100 2db8 0011
    0000060: 1905 062a b600 60b9 0057 0300 120b 1100
    0000070: 2eb8 0011 1905 072a b600 51b9 0057 0300
    0000080: 120b 1100 31b8 0011 1905 b900 6401 003e
    0000090: 120b 1100 33b8 0011 1904 b900 6701 0012
    00000a0: 0b11 0036 b800 11a7 001a 120b 1100 34b8
    00000b0: 0011 3a04 120b 1100 35b8 0011 1904 b600
    00000c0: 6a12 0b11 0038 b800 111d ac            
  Exception Handler Table:
    bci [16, 159] => handler: 170
  Stackmap Table:
    full_frame(@178,{Object[#77],Integer},{Object[#28]})
    same_frame(@201)

	at com.crud.crudservlet.EditServlet.doGet(EditServlet.java:21)
	at com.crud.crudservlet.EditServletTest.testDoGet(EditServletTest.java:61)
	at sun.reflect.NativeMethodAccessorImpl.invoke0(Native Method)
	at sun.reflect.NativeMethodAccessorImpl.invoke(NativeMethodAccessorImpl.java:62)
	at sun.reflect.DelegatingMethodAccessorImpl.invoke(DelegatingMethodAccessorImpl.java:43)
	at java.lang.reflect.Method.invoke(Method.java:483)
	at org.junit.runners.model.FrameworkMethod$1.runReflectiveCall(FrameworkMethod.java:50)
	at org.junit.internal.runners.model.ReflectiveCallable.run(ReflectiveCallable.java:12)
	at org.junit.runners.model.FrameworkMethod.invokeExplosively(FrameworkMethod.java:47)
	at org.junit.internal.runners.statements.InvokeMethod.evaluate(InvokeMethod.java:17)
	at org.junit.internal.runners.statements.RunBefores.evaluate(RunBefores.java:26)
	at org.junit.internal.runners.statements.RunAfters.evaluate(RunAfters.java:27)
	at org.junit.runners.ParentRunner.runLeaf(ParentRunner.java:325)
	at org.junit.runners.BlockJUnit4ClassRunner.runChild(BlockJUnit4ClassRunner.java:78)
	at org.junit.runners.BlockJUnit4ClassRunner.runChild(BlockJUnit4ClassRunner.java:57)
	at org.junit.runners.ParentRunner$3.run(ParentRunner.java:290)
	at org.junit.runners.ParentRunner$1.schedule(ParentRunner.java:71)
	at org.junit.runners.ParentRunner.runChildren(ParentRunner.java:288)
	at org.junit.runners.ParentRunner.access$000(ParentRunner.java:58)
	at org.junit.runners.ParentRunner$2.evaluate(ParentRunner.java:268)
	at org.junit.internal.runners.statements.RunBefores.evaluate(RunBefores.java:26)
	at org.junit.internal.runners.statements.RunAfters.evaluate(RunAfters.java:27)
	at org.junit.runners.ParentRunner.run(ParentRunner.java:363)
	at org.apache.maven.surefire.junit4.JUnit4TestSet.execute(JUnit4TestSet.java:53)
	at org.apache.maven.surefire.junit4.JUnit4Provider.executeTestSet(JUnit4Provider.java:123)
	at org.apache.maven.surefire.junit4.JUnit4Provider.invoke(JUnit4Provider.java:104)
	at sun.reflect.NativeMethodAccessorImpl.invoke0(Native Method)
	at sun.reflect.NativeMethodAccessorImpl.invoke(NativeMethodAccessorImpl.java:62)
	at sun.reflect.DelegatingMethodAccessorImpl.invoke(DelegatingMethodAccessorImpl.java:43)
	at java.lang.reflect.Method.invoke(Method.java:483)
	at org.apache.maven.surefire.util.ReflectionUtils.invokeMethodWithArray(ReflectionUtils.java:164)
	at org.apache.maven.surefire.booter.ProviderFactory$ProviderProxy.invoke(ProviderFactory.java:110)
	at org.apache.maven.surefire.booter.SurefireStarter.invokeProvider(SurefireStarter.java:175)
	at org.apache.maven.surefire.booter.SurefireStarter.runSuitesInProcessWhenForked(SurefireStarter.java:107)
	at org.apache.maven.surefire.booter.ForkedBooter.main(ForkedBooter.java:68)
