-------------------------------------------------------------------------------
Test set: com.crud.crudservlet.SaveServletTest
-------------------------------------------------------------------------------
Tests run: 1, Failures: 0, Errors: 1, Skipped: 0, Time elapsed: 0.003 sec <<< FAILURE!
testDoPost(com.crud.crudservlet.SaveServletTest)  Time elapsed: 0.001 sec  <<< ERROR!
java.lang.VerifyError: Expecting a stackmap frame at branch target 295
Exception Details:
  Location:
    com/crud/crudservlet/SaveServlet.doPost(Ljavax/servlet/http/HttpServletRequest;Ljavax/servlet/http/HttpServletResponse;)V @222: ifle
  Reason:
    Expected stackmap frame at this location.
  Bytecode:
    0000000: 033e 11ff ff36 0412 0e11 0010 b800 142c
    0000010: 1223 b900 2902 0012 0e11 0011 b800 142c
    0000020: b900 2d01 003a 0512 0e11 0013 b800 142b
    0000030: 122f b900 3502 003a 0612 0e11 0014 b800
    0000040: 142b 1237 b900 3502 003a 0712 0e11 0015
    0000050: b800 142b 1239 b900 3502 003a 0812 0e11
    0000060: 0016 b800 142b 123b b900 3502 003a 0912
    0000070: 0e11 0018 b800 14bb 003d 59b7 003e 3a0a
    0000080: 120e 1100 19b8 0014 190a 1906 b600 4112
    0000090: 0e11 001a b800 1419 0a19 07b6 0044 120e
    00000a0: 1100 1bb8 0014 190a 1908 b600 4712 0e11
    00000b0: 001c b800 1419 0a19 09b6 004a 120e 1100
    00000c0: 1eb8 0014 190a b800 5036 0b12 0e11 001f
    00000d0: b800 1415 0b11 001f 3e11 0000 3604 9e00
    00000e0: 491d 1100 1fa0 0019 1504 1100 00a0 0011
    00000f0: 120e 1d15 0404 b800 5411 ffff 3604 120e
    0000100: 1100 20b8 0014 1905 1256 b600 5b12 0e11
    0000110: 0021 b800 142b 125d b900 6102 002b 2cb9
    0000120: 0067 0300 a700 2515 049b 0011 120e 1d15
    0000130: 0403 b800 5411 ffff 3604 120e 1100 23b8
    0000140: 0014 1905 126b b600 6e12 0e11 0026 b800
    0000150: 1419 05b6 0071 120e 1100 27b8 0014 b1  
  Stackmap Table:
    full_frame(@322,{Object[#2],Object[#49],Object[#37],Object[#88],Object[#105],Object[#105],Object[#105],Object[#105],Object[#61],Integer},{})
    same_frame(@337)

	at com.crud.crudservlet.SaveServletTest.testDoPost(SaveServletTest.java:67)
	at sun.reflect.NativeMethodAccessorImpl.invoke0(Native Method)
	at sun.reflect.NativeMethodAccessorImpl.invoke(NativeMethodAccessorImpl.java:62)
	at sun.reflect.DelegatingMethodAccessorImpl.invoke(DelegatingMethodAccessorImpl.java:43)
	at java.lang.reflect.Method.invoke(Method.java:483)
	at org.junit.runners.model.FrameworkMethod$1.runReflectiveCall(FrameworkMethod.java:50)
	at org.junit.internal.runners.model.ReflectiveCallable.run(ReflectiveCallable.java:12)
	at org.junit.runners.model.FrameworkMethod.invokeExplosively(FrameworkMethod.java:47)
	at org.junit.internal.runners.statements.InvokeMethod.evaluate(InvokeMethod.java:17)
	at org.junit.internal.runners.statements.RunBefores.evaluate(RunBefores.java:26)
	at org.junit.internal.runners.statements.RunAfters.evaluate(RunAfters.java:27)
	at org.junit.runners.ParentRunner.runLeaf(ParentRunner.java:325)
	at org.junit.runners.BlockJUnit4ClassRunner.runChild(BlockJUnit4ClassRunner.java:78)
	at org.junit.runners.BlockJUnit4ClassRunner.runChild(BlockJUnit4ClassRunner.java:57)
	at org.junit.runners.ParentRunner$3.run(ParentRunner.java:290)
	at org.junit.runners.ParentRunner$1.schedule(ParentRunner.java:71)
	at org.junit.runners.ParentRunner.runChildren(ParentRunner.java:288)
	at org.junit.runners.ParentRunner.access$000(ParentRunner.java:58)
	at org.junit.runners.ParentRunner$2.evaluate(ParentRunner.java:268)
	at org.junit.internal.runners.statements.RunBefores.evaluate(RunBefores.java:26)
	at org.junit.internal.runners.statements.RunAfters.evaluate(RunAfters.java:27)
	at org.junit.runners.ParentRunner.run(ParentRunner.java:363)
	at org.apache.maven.surefire.junit4.JUnit4TestSet.execute(JUnit4TestSet.java:53)
	at org.apache.maven.surefire.junit4.JUnit4Provider.executeTestSet(JUnit4Provider.java:123)
	at org.apache.maven.surefire.junit4.JUnit4Provider.invoke(JUnit4Provider.java:104)
	at sun.reflect.NativeMethodAccessorImpl.invoke0(Native Method)
	at sun.reflect.NativeMethodAccessorImpl.invoke(NativeMethodAccessorImpl.java:62)
	at sun.reflect.DelegatingMethodAccessorImpl.invoke(DelegatingMethodAccessorImpl.java:43)
	at java.lang.reflect.Method.invoke(Method.java:483)
	at org.apache.maven.surefire.util.ReflectionUtils.invokeMethodWithArray(ReflectionUtils.java:164)
	at org.apache.maven.surefire.booter.ProviderFactory$ProviderProxy.invoke(ProviderFactory.java:110)
	at org.apache.maven.surefire.booter.SurefireStarter.invokeProvider(SurefireStarter.java:175)
	at org.apache.maven.surefire.booter.SurefireStarter.runSuitesInProcessWhenForked(SurefireStarter.java:107)
	at org.apache.maven.surefire.booter.ForkedBooter.main(ForkedBooter.java:68)
