<?xml version="1.0" encoding="UTF-8" ?>
<testsuite failures="0" time="0.002" errors="0" skipped="0" tests="8" name="com.crud.crudservlet.TitleTest">
  <properties>
[...]
</properties>
  <testcase time="0" classname="com.crud.crudservlet.TitleTest" name="testGetTitle"/>
  <testcase time="0" classname="com.crud.crudservlet.TitleTest" name="testGetIsbn"/>
  <testcase time="0" classname="com.crud.crudservlet.TitleTest" name="testGetType"/>
  <testcase time="0" classname="com.crud.crudservlet.TitleTest" name="testSetAuthor"/>
  <testcase time="0" classname="com.crud.crudservlet.TitleTest" name="testGetAuthor"/>
  <testcase time="0" classname="com.crud.crudservlet.TitleTest" name="testSetIsbn"/>
  <testcase time="0" classname="com.crud.crudservlet.TitleTest" name="testSetType"/>
  <testcase time="0" classname="com.crud.crudservlet.TitleTest" name="testSetTitle"/>
</testsuite>